{"name": "Change profile name", "status": "broken", "statusDetails": {"message": "selenium.common.exceptions.TimeoutException: Message: \nStacktrace:\n\tGetHandleVerifier [0x00007FF7B9C88172+13538]\n\tMicrosoft::Applications::Events::EventProperty::~EventProperty [0x00007FF7B9C11E29+595529]\n\t(No symbol) [0x00007FF7B9A2E6CF]\n\t(No symbol) [0x00007FF7B9A72960]\n\t(No symbol) [0x00007FF7B9A72A1F]\n\t(No symbol) [0x00007FF7B9AAD627]\n\t(No symbol) [0x00007FF7B9A9203F]\n\t(No symbol) [0x00007FF7B9A68147]\n\t(No symbol) [0x00007FF7B9AAB1EE]\n\t(No symbol) [0x00007FF7B9A91C63]\n\t(No symbol) [0x00007FF7B9A6766E]\n\t(No symbol) [0x00007FF7B9A6683C]\n\t(No symbol) [0x00007FF7B9A67221]\n\tMicrosoft::Applications::Events::EventProperty::to_string [0x00007FF7B9E49714+1099860]\n\tMicrosoft::Applications::Events::EventProperty::~EventProperty [0x00007FF7B9B8D8FC+53532]\n\tMicrosoft::Applications::Events::EventProperty::~EventProperty [0x00007FF7B9B80E25+1605]\n\tMicrosoft::Applications::Events::EventProperty::to_string [0x00007FF7B9E486A5+1095653]\n\tMicrosoft::Applications::Events::ILogConfiguration::operator* [0x00007FF7B9C1C9A1+27777]\n\tMicrosoft::Applications::Events::ILogConfiguration::operator* [0x00007FF7B9C16D24+4100]\n\tMicrosoft::Applications::Events::ILogConfiguration::operator* [0x00007FF7B9C16E5B+4411]\n\tMicrosoft::Applications::Events::EventProperty::~EventProperty [0x00007FF7B9C0CFE0+575488]\n\tBaseThreadInitThunk [0x00007FFFBE447344+20]\n\tRtlUserThreadStart [0x00007FFFBF6BCC91+33]", "trace": "self = <profile_test.TestProfile object at 0x0000021A7BCF22D0>\n\n    @allure.title(\"Change profile name\")\n    @allure.severity(\"Critical\")\n    @pytest.mark.smoke\n    def test_change_profile_name(self):\n        self.login_page.open()\n        self.login_page.enter_login(\"Admin\")\n        self.login_page.enter_password(\"admin123\")\n        self.login_page.click_submit_button()\n        self.dashboard_page.is_opened()\n>       self.dashboard_page.click_my_info_link()\n\ntests\\profile_test.py:19: \n_ _ _ _ _ _ _ _ _ _ _ _ _ _ _ _ _ _ _ _ _ _ _ _ _ _ _ _ _ _ _ _ _ _ _ _ _ _ _ _ _ _ _ _ _ _ _ _ _ _ _ _\npages\\dashboard_page.py:15: in click_my_info_link\n    self.wait.until(EC.element_to_be_clickable(self.MY_INFO_BUTTON)).click()\n_ _ _ _ _ _ _ _ _ _ _ _ _ _ _ _ _ _ _ _ _ _ _ _ _ _ _ _ _ _ _ _ _ _ _ _ _ _ _ _ _ _ _ _ _ _ _ _ _ _ _ _\n\nself = <selenium.webdriver.support.wait.WebDriverWait (session=\"ef39ce98b280eb4be4e623b901e928d9\")>\nmethod = <function element_to_be_clickable.<locals>._predicate at 0x0000021A7B2DF740>, message = ''\n\n    def until(self, method: Callable[[D], Union[Literal[False], T]], message: str = \"\") -> T:\n        \"\"\"Calls the method provided with the driver as an argument until the \\\n        return value does not evaluate to ``False``.\n    \n        :param method: callable(WebDriver)\n        :param message: optional message for :exc:`TimeoutException`\n        :returns: the result of the last call to `method`\n        :raises: :exc:`selenium.common.exceptions.TimeoutException` if timeout occurs\n        \"\"\"\n        screen = None\n        stacktrace = None\n    \n        end_time = time.monotonic() + self._timeout\n        while True:\n            try:\n                value = method(self._driver)\n                if value:\n                    return value\n            except self._ignored_exceptions as exc:\n                screen = getattr(exc, \"screen\", None)\n                stacktrace = getattr(exc, \"stacktrace\", None)\n            time.sleep(self._poll)\n            if time.monotonic() > end_time:\n                break\n>       raise TimeoutException(message, screen, stacktrace)\nE       selenium.common.exceptions.TimeoutException: Message: \nE       Stacktrace:\nE       \tGetHandleVerifier [0x00007FF7B9C88172+13538]\nE       \tMicrosoft::Applications::Events::EventProperty::~EventProperty [0x00007FF7B9C11E29+595529]\nE       \t(No symbol) [0x00007FF7B9A2E6CF]\nE       \t(No symbol) [0x00007FF7B9A72960]\nE       \t(No symbol) [0x00007FF7B9A72A1F]\nE       \t(No symbol) [0x00007FF7B9AAD627]\nE       \t(No symbol) [0x00007FF7B9A9203F]\nE       \t(No symbol) [0x00007FF7B9A68147]\nE       \t(No symbol) [0x00007FF7B9AAB1EE]\nE       \t(No symbol) [0x00007FF7B9A91C63]\nE       \t(No symbol) [0x00007FF7B9A6766E]\nE       \t(No symbol) [0x00007FF7B9A6683C]\nE       \t(No symbol) [0x00007FF7B9A67221]\nE       \tMicrosoft::Applications::Events::EventProperty::to_string [0x00007FF7B9E49714+1099860]\nE       \tMicrosoft::Applications::Events::EventProperty::~EventProperty [0x00007FF7B9B8D8FC+53532]\nE       \tMicrosoft::Applications::Events::EventProperty::~EventProperty [0x00007FF7B9B80E25+1605]\nE       \tMicrosoft::Applications::Events::EventProperty::to_string [0x00007FF7B9E486A5+1095653]\nE       \tMicrosoft::Applications::Events::ILogConfiguration::operator* [0x00007FF7B9C1C9A1+27777]\nE       \tMicrosoft::Applications::Events::ILogConfiguration::operator* [0x00007FF7B9C16D24+4100]\nE       \tMicrosoft::Applications::Events::ILogConfiguration::operator* [0x00007FF7B9C16E5B+4411]\nE       \tMicrosoft::Applications::Events::EventProperty::~EventProperty [0x00007FF7B9C0CFE0+575488]\nE       \tBaseThreadInitThunk [0x00007FFFBE447344+20]\nE       \tRtlUserThreadStart [0x00007FFFBF6BCC91+33]\n\nvenv\\Lib\\site-packages\\selenium\\webdriver\\support\\wait.py:105: TimeoutException"}, "steps": [{"name": "Open https://opensource-demo.orangehrmlive.com/web/index.php/auth/login page", "status": "passed", "start": 1719166531503, "stop": 1719166533696}, {"name": "Enter login", "status": "passed", "parameters": [{"name": "login", "value": "'Admin'"}], "start": 1719166533696, "stop": 1719166534740}, {"name": "Enter password", "status": "passed", "parameters": [{"name": "password", "value": "'admin123'"}], "start": 1719166534740, "stop": 1719166534782}, {"name": "Click submit button", "status": "passed", "start": 1719166534782, "stop": 1719166534824}, {"name": "Open https://opensource-demo.orangehrmlive.com/web/index.php/dashboard/index is opened", "status": "passed", "start": 1719166534824, "stop": 1719166535614}, {"name": "Click on 'My info' link", "status": "broken", "statusDetails": {"message": "selenium.common.exceptions.TimeoutException: Message: \nStacktrace:\n\tGetHandleVerifier [0x00007FF7B9C88172+13538]\n\tMicrosoft::Applications::Events::EventProperty::~EventProperty [0x00007FF7B9C11E29+595529]\n\t(No symbol) [0x00007FF7B9A2E6CF]\n\t(No symbol) [0x00007FF7B9A72960]\n\t(No symbol) [0x00007FF7B9A72A1F]\n\t(No symbol) [0x00007FF7B9AAD627]\n\t(No symbol) [0x00007FF7B9A9203F]\n\t(No symbol) [0x00007FF7B9A68147]\n\t(No symbol) [0x00007FF7B9AAB1EE]\n\t(No symbol) [0x00007FF7B9A91C63]\n\t(No symbol) [0x00007FF7B9A6766E]\n\t(No symbol) [0x00007FF7B9A6683C]\n\t(No symbol) [0x00007FF7B9A67221]\n\tMicrosoft::Applications::Events::EventProperty::to_string [0x00007FF7B9E49714+1099860]\n\tMicrosoft::Applications::Events::EventProperty::~EventProperty [0x00007FF7B9B8D8FC+53532]\n\tMicrosoft::Applications::Events::EventProperty::~EventProperty [0x00007FF7B9B80E25+1605]\n\tMicrosoft::Applications::Events::EventProperty::to_string [0x00007FF7B9E486A5+1095653]\n\tMicrosoft::Applications::Events::ILogConfiguration::operator* [0x00007FF7B9C1C9A1+27777]\n\tMicrosoft::Applications::Events::ILogConfiguration::operator* [0x00007FF7B9C16D24+4100]\n\tMicrosoft::Applications::Events::ILogConfiguration::operator* [0x00007FF7B9C16E5B+4411]\n\tMicrosoft::Applications::Events::EventProperty::~EventProperty [0x00007FF7B9C0CFE0+575488]\n\tBaseThreadInitThunk [0x00007FFFBE447344+20]\n\tRtlUserThreadStart [0x00007FFFBF6BCC91+33]\n\n", "trace": "  File \"C:\\Users\\ilya3\\PycharmProjects\\Learning programming\\AutoLearning\\venv\\Lib\\site-packages\\allure_commons\\_allure.py\", line 192, in impl\n    return func(*a, **kw)\n           ^^^^^^^^^^^^^^\n  File \"C:\\Users\\ilya3\\PycharmProjects\\Learning programming\\AutoLearning\\pages\\dashboard_page.py\", line 15, in click_my_info_link\n    self.wait.until(EC.element_to_be_clickable(self.MY_INFO_BUTTON)).click()\n    ^^^^^^^^^^^^^^^^^^^^^^^^^^^^^^^^^^^^^^^^^^^^^^^^^^^^^^^^^^^^^^^^\n  File \"C:\\Users\\ilya3\\PycharmProjects\\Learning programming\\AutoLearning\\venv\\Lib\\site-packages\\selenium\\webdriver\\support\\wait.py\", line 105, in until\n    raise TimeoutException(message, screen, stacktrace)\n"}, "start": 1719166535614, "stop": 1719166545707}], "start": 1719166531503, "stop": 1719166545708, "uuid": "5d45a5d6-80b0-44de-8dc4-d999483b97e7", "historyId": "6b212b8b6b30ecd757709e2fc38918ba", "testCaseId": "6b212b8b6b30ecd757709e2fc38918ba", "fullName": "tests.profile_test.TestProfile#test_change_profile_name", "labels": [{"name": "feature", "value": "Profile Functionality"}, {"name": "severity", "value": "Critical"}, {"name": "tag", "value": "smoke"}, {"name": "parentSuite", "value": "tests"}, {"name": "suite", "value": "profile_test"}, {"name": "subSuite", "value": "TestProfile"}, {"name": "host", "value": "DESKTOP-RCQKLPD"}, {"name": "thread", "value": "17016-MainThread"}, {"name": "framework", "value": "pytest"}, {"name": "language", "value": "cpython3"}, {"name": "package", "value": "tests.profile_test"}]}