{"name": "Change profile name", "status": "broken", "statusDetails": {"message": "selenium.common.exceptions.TimeoutException: Message:", "trace": "self = <profile_test.TestProfile object at 0x7f744d26c740>\n\n>   ???\n\nC:\\Users\\ilya3\\PycharmProjects\\Learning programming\\AutoLearning\\tests\\profile_test.py:22: \n_ _ _ _ _ _ _ _ _ _ _ _ _ _ _ _ _ _ _ _ _ _ _ _ _ _ _ _ _ _ _ _ _ _ _ _ _ _ _ _ \npages/personal_page.py:34: in is_changes_saved\n    self.wait.until(EC.text_to_be_present_in_element_value(self.FIRST_NAME_FIELD, self.name))\n_ _ _ _ _ _ _ _ _ _ _ _ _ _ _ _ _ _ _ _ _ _ _ _ _ _ _ _ _ _ _ _ _ _ _ _ _ _ _ _ \n\nself = <selenium.webdriver.support.wait.WebDriverWait (session=\"bb5d569fbeef058f6ff524df6a257eac\")>\nmethod = <function text_to_be_present_in_element_value.<locals>._predicate at 0x7f744d553ce0>\nmessage = ''\n\n    def until(self, method: Callable[[D], Union[Literal[False], T]], message: str = \"\") -> T:\n        \"\"\"Calls the method provided with the driver as an argument until the \\\n        return value does not evaluate to ``False``.\n    \n        :param method: callable(WebDriver)\n        :param message: optional message for :exc:`TimeoutException`\n        :returns: the result of the last call to `method`\n        :raises: :exc:`selenium.common.exceptions.TimeoutException` if timeout occurs\n        \"\"\"\n        screen = None\n        stacktrace = None\n    \n        end_time = time.monotonic() + self._timeout\n        while True:\n            try:\n                value = method(self._driver)\n                if value:\n                    return value\n            except self._ignored_exceptions as exc:\n                screen = getattr(exc, \"screen\", None)\n                stacktrace = getattr(exc, \"stacktrace\", None)\n            time.sleep(self._poll)\n            if time.monotonic() > end_time:\n                break\n>       raise TimeoutException(message, screen, stacktrace)\nE       selenium.common.exceptions.TimeoutException: Message:\n\n../local/lib/python3.12/site-packages/selenium/webdriver/support/wait.py:105: TimeoutException"}, "steps": [{"name": "Open https://opensource-demo.orangehrmlive.com/web/index.php/auth/login page", "status": "passed", "start": 1719486920066, "stop": 1719486922118}, {"name": "Enter login", "status": "passed", "parameters": [{"name": "login", "value": "'Admin'"}], "start": 1719486922118, "stop": 1719486923247}, {"name": "Enter password", "status": "passed", "parameters": [{"name": "password", "value": "'admin123'"}], "start": 1719486923247, "stop": 1719486923330}, {"name": "Click submit button", "status": "passed", "start": 1719486923330, "stop": 1719486924240}, {"name": "Open https://opensource-demo.orangehrmlive.com/web/index.php/dashboard/index is opened", "status": "passed", "start": 1719486924240, "stop": 1719486924246}, {"name": "Click on 'My info' link", "status": "passed", "start": 1719486924246, "stop": 1719486925844}, {"name": "Open https://opensource-demo.orangehrmlive.com/web/index.php/pim/viewPersonalDetails/empNumber/7 is opened", "status": "passed", "start": 1719486925845, "stop": 1719486925850}, {"name": "Change name on Test 56", "status": "passed", "start": 1719486925850, "stop": 1719486926992}, {"name": "Save changes", "status": "passed", "start": 1719486926992, "stop": 1719486927300}, {"name": "Change has been saved successfully", "status": "broken", "statusDetails": {"message": "selenium.common.exceptions.TimeoutException: Message: \n\n", "trace": "  File \"/usr/local/lib/python3.12/site-packages/allure_commons/_allure.py\", line 192, in impl\n    return func(*a, **kw)\n           ^^^^^^^^^^^^^^\n  File \"/usr/autolearning/pages/personal_page.py\", line 34, in is_changes_saved\n    self.wait.until(EC.text_to_be_present_in_element_value(self.FIRST_NAME_FIELD, self.name))\n  File \"/usr/local/lib/python3.12/site-packages/selenium/webdriver/support/wait.py\", line 105, in until\n    raise TimeoutException(message, screen, stacktrace)\n"}, "start": 1719486927301, "stop": 1719486940657}], "start": 1719486920066, "stop": 1719486940662, "uuid": "42cb9bba-0fdb-475a-a591-a8f37058c24b", "historyId": "6b212b8b6b30ecd757709e2fc38918ba", "testCaseId": "6b212b8b6b30ecd757709e2fc38918ba", "fullName": "tests.profile_test.TestProfile#test_change_profile_name", "labels": [{"name": "feature", "value": "Profile Functionality"}, {"name": "severity", "value": "Critical"}, {"name": "tag", "value": "smoke"}, {"name": "parentSuite", "value": "tests"}, {"name": "suite", "value": "profile_test"}, {"name": "subSuite", "value": "TestProfile"}, {"name": "host", "value": "fbc131051e40"}, {"name": "thread", "value": "1-MainThread"}, {"name": "framework", "value": "pytest"}, {"name": "language", "value": "cpython3"}, {"name": "package", "value": "tests.profile_test"}]}